TN:
SF:script/DSCoin.s.sol
FN:7,DSCoinScript.setUp
FNDA:0,DSCoinScript.setUp
FN:9,DSCoinScript.run
FNDA:0,DSCoinScript.run
DA:10,0
FNF:2
FNH:0
LF:1
LH:0
BRF:0
BRH:0
end_of_record
TN:
SF:src/DSCEngine.sol
FN:106,DSCEngine.depositCollateralAndMintDsc
FNDA:2,DSCEngine.depositCollateralAndMintDsc
DA:107,2
DA:108,2
FN:117,DSCEngine.redeemCollateralAndBurnDsc
FNDA:1,DSCEngine.redeemCollateralAndBurnDsc
DA:118,1
DA:119,1
FN:135,DSCEngine.depositCollateral
FNDA:16,DSCEngine.depositCollateral
DA:141,16
DA:142,16
DA:143,15
BRDA:143,0,0,-
BRDA:143,0,1,15
DA:144,0
DA:146,15
DA:147,15
FN:158,DSCEngine.mintDSC
FNDA:13,DSCEngine.mintDSC
DA:159,14
DA:160,14
DA:161,13
DA:162,13
BRDA:162,1,0,1
BRDA:162,1,1,12
DA:163,1
FN:174,DSCEngine.burnDSC
FNDA:1,DSCEngine.burnDSC
DA:175,3
DA:176,3
DA:177,3
BRDA:177,2,0,-
BRDA:177,2,1,3
DA:178,0
DA:180,3
FN:188,DSCEngine.redeemCollateral
FNDA:2,DSCEngine.redeemCollateral
DA:189,3
DA:190,3
DA:191,3
BRDA:191,3,0,-
BRDA:191,3,1,3
DA:192,0
DA:194,3
DA:195,2
FN:206,DSCEngine.liquidate
FNDA:2,DSCEngine.liquidate
DA:207,2
BRDA:207,4,0,1
BRDA:207,4,1,1
DA:208,1
DA:211,1
DA:212,1
DA:213,1
DA:214,1
DA:216,1
BRDA:216,5,0,-
BRDA:216,5,1,1
DA:217,0
DA:219,1
FN:224,DSCEngine._isLiquidatable
FNDA:2,DSCEngine._isLiquidatable
DA:225,2
FN:232,DSCEngine._revertIfInsufficientCollateral
FNDA:17,DSCEngine._revertIfInsufficientCollateral
DA:233,17
DA:234,17
BRDA:234,6,0,2
BRDA:234,6,1,15
DA:235,2
FN:245,DSCEngine._healthFactor
FNDA:20,DSCEngine._healthFactor
DA:246,20
DA:247,20
BRDA:247,7,0,-
BRDA:247,7,1,20
DA:248,20
DA:250,20
FN:259,DSCEngine._getAccountInformation
FNDA:20,DSCEngine._getAccountInformation
DA:260,20
DA:261,20
DA:262,20
FN:268,DSCEngine.getCollateral
FNDA:8,DSCEngine.getCollateral
DA:269,8
FN:272,DSCEngine.getStablecoin
FNDA:9,DSCEngine.getStablecoin
DA:273,9
FN:276,DSCEngine.getHealthFactor
FNDA:1,DSCEngine.getHealthFactor
DA:277,1
FN:285,DSCEngine.getCollateralUSDValue
FNDA:0,DSCEngine.getCollateralUSDValue
DA:286,24
DA:287,24
DA:288,24
DA:289,24
DA:291,24
FN:300,DSCEngine.getUSDValue
FNDA:0,DSCEngine.getUSDValue
DA:301,52
DA:302,52
DA:304,52
BRDA:304,8,0,28
BRDA:304,8,1,24
DA:305,28
DA:308,24
DA:309,24
DA:310,24
FN:319,DSCEngine.getMaxMintableDsc
FNDA:4,DSCEngine.getMaxMintableDsc
DA:320,4
DA:321,4
DA:322,4
DA:323,4
DA:325,4
BRDA:325,9,0,-
BRDA:325,9,1,4
DA:326,0
DA:329,4
BRDA:329,10,0,1
BRDA:329,10,1,4
DA:330,1
DA:333,4
FNF:17
FNH:15
LF:70
LH:65
BRF:22
BRH:16
end_of_record
TN:
SF:src/DSCoin.sol
FN:26,DSCoin.mint
FNDA:18,DSCoin.mint
DA:27,17
BRDA:27,0,0,1
BRDA:27,0,1,16
DA:28,16
BRDA:28,1,0,1
BRDA:28,1,1,15
DA:29,15
DA:30,15
FN:33,DSCoin.burn
FNDA:7,DSCoin.burn
DA:34,6
BRDA:34,2,0,1
BRDA:34,2,1,5
DA:35,5
BRDA:35,3,0,1
BRDA:35,3,1,4
DA:36,1
DA:38,4
FNF:2
FNH:2
LF:8
LH:8
BRF:8
BRH:8
end_of_record
TN:
SF:test/mocks/AggregatorV3Mock.t.sol
FN:27,AggregatorV3Mock.updateRoundData
FNDA:18,AggregatorV3Mock.updateRoundData
DA:28,18
DA:29,18
DA:30,18
DA:31,18
FN:40,AggregatorV3Mock.decimals
FNDA:0,AggregatorV3Mock.decimals
DA:41,0
FN:44,AggregatorV3Mock.description
FNDA:0,AggregatorV3Mock.description
DA:45,0
FN:48,AggregatorV3Mock.version
FNDA:0,AggregatorV3Mock.version
DA:49,0
FN:52,AggregatorV3Mock.getRoundData
FNDA:0,AggregatorV3Mock.getRoundData
DA:58,0
DA:59,0
FN:62,AggregatorV3Mock.latestRoundData
FNDA:52,AggregatorV3Mock.latestRoundData
DA:68,52
DA:69,52
FNF:6
FNH:2
LF:11
LH:6
BRF:0
BRH:0
end_of_record
TN:
SF:test/mocks/ERC20Mock.t.sol
FN:9,StablecoinMock.mint
FNDA:1,StablecoinMock.mint
DA:10,0
FNF:1
FNH:1
LF:1
LH:0
BRF:0
BRH:0
end_of_record
